node.exe : ERROR Not e
nough non-option argum
ents: got 0, need at l
east 1
At C:\Program Files\no
dejs\npx.ps1:29 char:3
+   & $NODE_EXE $NPX_C
LI_JS $args
+   ~~~~~~~~~~~~~~~~~~
~~~~~~~~~~~
    + CategoryInfo    
          : NotSpeci  
  fied: (ERROR Not    
 enoug...need at l    
east 1:String) []    ,
 RemoteException
    + FullyQualifiedE 
   rrorId : NativeCo  
  mmandError
 

opennextjs-cloudflare 
<command>

Commands:
  opennextjs-cloudflar
e build [args..]    Bu
ild an OpenNext Cloudf
lare worker
  opennextjs-cloudflar
e preview [args..]  Pr
eview a built OpenNext
 app with a
                      
                    Wr
angler dev server
  opennextjs-cloudflar
e deploy [args..]   De
ploy a built OpenNext 
app to
                      
                    Cl
oudflare Workers
  opennextjs-cloudflar
e upload [args..]   Up
load a built OpenNext 
app to
                      
                    Cl
oudflare Workers
  opennextjs-cloudflar
e populateCache     Po
pulate the cache for a
 built Next.js
                      
                    ap
p
  opennextjs-cloudflar
e migrate           Se
t up the OpenNext Clou
dflare adapter
                      
                    in
 an existing Next.js p
roject

Options:
  -h, --help     Show 
help                  
                      
     [boolean]
  -v, --version  Show 
version number        
                      
     [boolean]
